# JRE version: OpenJDK Runtime Environment (21.0.8) (build 21.0.8+-14196175-b1038.72)
# Java VM: OpenJDK 64-Bit Server VM (21.0.8+-14196175-b1038.72, mixed mode, tiered, compressed oops, compressed class ptrs, g1 gc, windows-amd64)
GC Precious Log:
 CardTable entry size: 512
 Card Set container configuration: InlinePtr #cards 5 size 8 Array Of Cards #cards 12 size 40 Howl #buckets 4 coarsen threshold 1843 Howl Bitmap #cards 512 size 80 coarsen threshold 460 Card regions per heap region 1 cards per card region 2048
 CPUs: 4 total, 4 available
 Memory: 16283M
 Large Page Support: Disabled
 NUMA Support: Disabled
 Compressed Oops: Enabled (32-bit)
 Heap Region Size: 1M
 Heap Min Capacity: 8M
 Heap Initial Capacity: 256M
 Heap Max Capacity: 2G
 Pre-touch: Disabled
 Parallel Workers: 4
 Concurrent Workers: 1
 Concurrent Refinement Workers: 4
 Periodic GC: Disabled
Heap:
 garbage-first heap   total 347136K, used 233686K [0x0000000080000000, 0x0000000100000000)
  region size 1024K, 18 young (18432K), 10 survivors (10240K)
 Metaspace       used 155539K, committed 158272K, reserved 1245184K
  class space    used 21555K, committed 22912K, reserved 1048576K
GC Heap History (20 events):
Event: 51.889 GC heap before
{Heap before GC invocations=50 (full 0):
 garbage-first heap   total 265216K, used 235273K [0x0000000080000000, 0x0000000100000000)
  region size 1024K, 79 young (80896K), 9 survivors (9216K)
 Metaspace       used 118760K, committed 121152K, reserved 1179648K
  class space    used 16882K, committed 18048K, reserved 1048576K
}
Event: 51.898 GC heap after
{Heap after GC invocations=51 (full 0):
 garbage-first heap   total 265216K, used 170268K [0x0000000080000000, 0x0000000100000000)
  region size 1024K, 10 young (10240K), 10 survivors (10240K)
 Metaspace       used 118760K, committed 121152K, reserved 1179648K
  class space    used 16882K, committed 18048K, reserved 1048576K
}
Event: 53.228 GC heap before
{Heap before GC invocations=52 (full 0):
 garbage-first heap   total 288768K, used 240924K [0x0000000080000000, 0x0000000100000000)
  region size 1024K, 77 young (78848K), 10 survivors (10240K)
 Metaspace       used 126841K, committed 129280K, reserved 1179648K
  class space    used 17942K, committed 19136K, reserved 1048576K
}
Event: 53.236 GC heap after
{Heap after GC invocations=53 (full 0):
 garbage-first heap   total 288768K, used 172619K [0x0000000080000000, 0x0000000100000000)
  region size 1024K, 4 young (4096K), 4 survivors (4096K)
 Metaspace       used 126841K, committed 129280K, reserved 1179648K
  class space    used 17942K, committed 19136K, reserved 1048576K
}
Event: 57.077 GC heap before
{Heap before GC invocations=53 (full 0):
 garbage-first heap   total 288768K, used 268875K [0x0000000080000000, 0x0000000100000000)
  region size 1024K, 94 young (96256K), 4 survivors (4096K)
 Metaspace       used 133093K, committed 135552K, reserved 1179648K
  class space    used 18609K, committed 19840K, reserved 1048576K
}
Event: 57.089 GC heap after
{Heap after GC invocations=54 (full 0):
 garbage-first heap   total 288768K, used 179282K [0x0000000080000000, 0x0000000100000000)
  region size 1024K, 12 young (12288K), 12 survivors (12288K)
 Metaspace       used 133093K, committed 135552K, reserved 1179648K
  class space    used 18609K, committed 19840K, reserved 1048576K
}
Event: 61.770 GC heap before
{Heap before GC invocations=54 (full 0):
 garbage-first heap   total 288768K, used 259154K [0x0000000080000000, 0x0000000100000000)
  region size 1024K, 91 young (93184K), 12 survivors (12288K)
 Metaspace       used 133647K, committed 136064K, reserved 1179648K
  class space    used 18661K, committed 19840K, reserved 1048576K
}
Event: 61.784 GC heap after
{Heap after GC invocations=55 (full 0):
 garbage-first heap   total 288768K, used 186787K [0x0000000080000000, 0x0000000100000000)
  region size 1024K, 9 young (9216K), 9 survivors (9216K)
 Metaspace       used 133647K, committed 136064K, reserved 1179648K
  class space    used 18661K, committed 19840K, reserved 1048576K
}
Event: 68.672 GC heap before
{Heap before GC invocations=56 (full 0):
 garbage-first heap   total 312320K, used 262563K [0x0000000080000000, 0x0000000100000000)
  region size 1024K, 83 young (84992K), 9 survivors (9216K)
 Metaspace       used 136908K, committed 139392K, reserved 1179648K
  class space    used 19027K, committed 20224K, reserved 1048576K
}
Event: 68.686 GC heap after
{Heap after GC invocations=57 (full 0):
 garbage-first heap   total 312320K, used 194782K [0x0000000080000000, 0x0000000100000000)
  region size 1024K, 10 young (10240K), 10 survivors (10240K)
 Metaspace       used 136908K, committed 139392K, reserved 1179648K
  class space    used 19027K, committed 20224K, reserved 1048576K
}
Event: 119.021 GC heap before
{Heap before GC invocations=57 (full 0):
 garbage-first heap   total 312320K, used 284894K [0x0000000080000000, 0x0000000100000000)
  region size 1024K, 98 young (100352K), 10 survivors (10240K)
 Metaspace       used 141497K, committed 144128K, reserved 1179648K
  class space    used 19631K, committed 20928K, reserved 1048576K
}
Event: 119.035 GC heap after
{Heap after GC invocations=58 (full 0):
 garbage-first heap   total 312320K, used 199444K [0x0000000080000000, 0x0000000100000000)
  region size 1024K, 7 young (7168K), 7 survivors (7168K)
 Metaspace       used 141497K, committed 144128K, reserved 1179648K
  class space    used 19631K, committed 20928K, reserved 1048576K
}
Event: 121.495 GC heap before
{Heap before GC invocations=58 (full 0):
 garbage-first heap   total 312320K, used 287508K [0x0000000080000000, 0x0000000100000000)
  region size 1024K, 93 young (95232K), 7 survivors (7168K)
 Metaspace       used 145665K, committed 148416K, reserved 1179648K
  class space    used 20165K, committed 21504K, reserved 1048576K
}
Event: 121.507 GC heap after
{Heap after GC invocations=59 (full 0):
 garbage-first heap   total 312320K, used 207872K [0x0000000080000000, 0x0000000100000000)
  region size 1024K, 12 young (12288K), 12 survivors (12288K)
 Metaspace       used 145665K, committed 148416K, reserved 1179648K
  class space    used 20165K, committed 21504K, reserved 1048576K
}
Event: 122.926 GC heap before
{Heap before GC invocations=60 (full 0):
 garbage-first heap   total 347136K, used 280576K [0x0000000080000000, 0x0000000100000000)
  region size 1024K, 84 young (86016K), 12 survivors (12288K)
 Metaspace       used 148714K, committed 151360K, reserved 1179648K
  class space    used 20631K, committed 21888K, reserved 1048576K
}
Event: 122.944 GC heap after
{Heap after GC invocations=61 (full 0):
 garbage-first heap   total 347136K, used 220002K [0x0000000080000000, 0x0000000100000000)
  region size 1024K, 11 young (11264K), 11 survivors (11264K)
 Metaspace       used 148714K, committed 151360K, reserved 1179648K
  class space    used 20631K, committed 21888K, reserved 1048576K
}
Event: 124.880 GC heap before
{Heap before GC invocations=61 (full 0):
 garbage-first heap   total 347136K, used 317282K [0x0000000080000000, 0x0000000100000000)
  region size 1024K, 105 young (107520K), 11 survivors (11264K)
 Metaspace       used 150217K, committed 152960K, reserved 1245184K
  class space    used 20821K, committed 22144K, reserved 1048576K
}
Event: 124.894 GC heap after
{Heap after GC invocations=62 (full 0):
 garbage-first heap   total 347136K, used 224768K [0x0000000080000000, 0x0000000100000000)
  region size 1024K, 7 young (7168K), 7 survivors (7168K)
 Metaspace       used 150217K, committed 152960K, reserved 1245184K
  class space    used 20821K, committed 22144K, reserved 1048576K
}
Event: 126.606 GC heap before
{Heap before GC invocations=62 (full 0):
 garbage-first heap   total 347136K, used 317952K [0x0000000080000000, 0x0000000100000000)
  region size 1024K, 99 young (101376K), 7 survivors (7168K)
 Metaspace       used 153535K, committed 156224K, reserved 1245184K
  class space    used 21243K, committed 22528K, reserved 1048576K
}
Event: 126.614 GC heap after
{Heap after GC invocations=63 (full 0):
 garbage-first heap   total 347136K, used 227542K [0x0000000080000000, 0x0000000100000000)
  region size 1024K, 10 young (10240K), 10 survivors (10240K)
 Metaspace       used 153535K, committed 156224K, reserved 1245184K
  class space    used 21243K, committed 22528K, reserved 1048576K
}

