# JRE version: OpenJDK Runtime Environment (21.0.8) (build 21.0.8+-14196175-b1038.72)
# Java VM: OpenJDK 64-Bit Server VM (21.0.8+-14196175-b1038.72, mixed mode, tiered, compressed oops, compressed class ptrs, g1 gc, windows-amd64)
GC Precious Log:
 CardTable entry size: 512
 Card Set container configuration: InlinePtr #cards 5 size 8 Array Of Cards #cards 12 size 40 Howl #buckets 4 coarsen threshold 1843 Howl Bitmap #cards 512 size 80 coarsen threshold 460 Card regions per heap region 1 cards per card region 2048
 CPUs: 4 total, 4 available
 Memory: 16283M
 Large Page Support: Disabled
 NUMA Support: Disabled
 Compressed Oops: Enabled (32-bit)
 Heap Region Size: 1M
 Heap Min Capacity: 8M
 Heap Initial Capacity: 256M
 Heap Max Capacity: 2G
 Pre-touch: Disabled
 Parallel Workers: 4
 Concurrent Workers: 1
 Concurrent Refinement Workers: 4
 Periodic GC: Disabled
Heap:
 garbage-first heap   total 369664K, used 190369K [0x0000000080000000, 0x0000000100000000)
  region size 1024K, 16 young (16384K), 10 survivors (10240K)
 Metaspace       used 160208K, committed 162432K, reserved 1245184K
  class space    used 21334K, committed 22400K, reserved 1048576K
GC Heap History (20 events):
Event: 30.400 GC heap before
{Heap before GC invocations=36 (full 0):
 garbage-first heap   total 132096K, used 115322K [0x0000000080000000, 0x0000000100000000)
  region size 1024K, 37 young (37888K), 6 survivors (6144K)
 Metaspace       used 87958K, committed 89920K, reserved 1179648K
  class space    used 12661K, committed 13568K, reserved 1048576K
}
Event: 30.416 GC heap after
{Heap after GC invocations=37 (full 0):
 garbage-first heap   total 140288K, used 98816K [0x0000000080000000, 0x0000000100000000)
  region size 1024K, 5 young (5120K), 5 survivors (5120K)
 Metaspace       used 87958K, committed 89920K, reserved 1179648K
  class space    used 12661K, committed 13568K, reserved 1048576K
}
Event: 30.459 GC heap before
{Heap before GC invocations=37 (full 0):
 garbage-first heap   total 140288K, used 110080K [0x0000000080000000, 0x0000000100000000)
  region size 1024K, 17 young (17408K), 5 survivors (5120K)
 Metaspace       used 87958K, committed 89920K, reserved 1179648K
  class space    used 12661K, committed 13568K, reserved 1048576K
}
Event: 30.464 GC heap after
{Heap after GC invocations=38 (full 0):
 garbage-first heap   total 140288K, used 104448K [0x0000000080000000, 0x0000000100000000)
  region size 1024K, 4 young (4096K), 4 survivors (4096K)
 Metaspace       used 87958K, committed 89920K, reserved 1179648K
  class space    used 12661K, committed 13568K, reserved 1048576K
}
Event: 30.850 GC heap before
{Heap before GC invocations=39 (full 0):
 garbage-first heap   total 176128K, used 123904K [0x0000000080000000, 0x0000000100000000)
  region size 1024K, 22 young (22528K), 4 survivors (4096K)
 Metaspace       used 88949K, committed 90880K, reserved 1179648K
  class space    used 12786K, committed 13696K, reserved 1048576K
}
Event: 30.858 GC heap after
{Heap after GC invocations=40 (full 0):
 garbage-first heap   total 176128K, used 109568K [0x0000000080000000, 0x0000000100000000)
  region size 1024K, 3 young (3072K), 3 survivors (3072K)
 Metaspace       used 88949K, committed 90880K, reserved 1179648K
  class space    used 12786K, committed 13696K, reserved 1048576K
}
Event: 32.521 GC heap before
{Heap before GC invocations=40 (full 0):
 garbage-first heap   total 176128K, used 146432K [0x0000000080000000, 0x0000000100000000)
  region size 1024K, 39 young (39936K), 3 survivors (3072K)
 Metaspace       used 93442K, committed 95296K, reserved 1179648K
  class space    used 13262K, committed 14144K, reserved 1048576K
}
Event: 32.530 GC heap after
{Heap after GC invocations=41 (full 0):
 garbage-first heap   total 369664K, used 111668K [0x0000000080000000, 0x0000000100000000)
  region size 1024K, 3 young (3072K), 3 survivors (3072K)
 Metaspace       used 93442K, committed 95296K, reserved 1179648K
  class space    used 13262K, committed 14144K, reserved 1048576K
}
Event: 37.666 GC heap before
{Heap before GC invocations=41 (full 0):
 garbage-first heap   total 369664K, used 261172K [0x0000000080000000, 0x0000000100000000)
  region size 1024K, 150 young (153600K), 3 survivors (3072K)
 Metaspace       used 110548K, committed 112448K, reserved 1179648K
  class space    used 15062K, committed 16000K, reserved 1048576K
}
Event: 37.678 GC heap after
{Heap after GC invocations=42 (full 0):
 garbage-first heap   total 369664K, used 123568K [0x0000000080000000, 0x0000000100000000)
  region size 1024K, 14 young (14336K), 14 survivors (14336K)
 Metaspace       used 110548K, committed 112448K, reserved 1179648K
  class space    used 15062K, committed 16000K, reserved 1048576K
}
Event: 43.014 GC heap before
{Heap before GC invocations=42 (full 0):
 garbage-first heap   total 369664K, used 283312K [0x0000000080000000, 0x0000000100000000)
  region size 1024K, 170 young (174080K), 14 survivors (14336K)
 Metaspace       used 128269K, committed 130240K, reserved 1179648K
  class space    used 17151K, committed 18112K, reserved 1048576K
}
Event: 43.035 GC heap after
{Heap after GC invocations=43 (full 0):
 garbage-first heap   total 369664K, used 140929K [0x0000000080000000, 0x0000000100000000)
  region size 1024K, 22 young (22528K), 22 survivors (22528K)
 Metaspace       used 128269K, committed 130240K, reserved 1179648K
  class space    used 17151K, committed 18112K, reserved 1048576K
}
Event: 44.820 GC heap before
{Heap before GC invocations=43 (full 0):
 garbage-first heap   total 369664K, used 185985K [0x0000000080000000, 0x0000000100000000)
  region size 1024K, 67 young (68608K), 22 survivors (22528K)
 Metaspace       used 134540K, committed 136576K, reserved 1179648K
  class space    used 17846K, committed 18816K, reserved 1048576K
}
Event: 44.835 GC heap after
{Heap after GC invocations=44 (full 0):
 garbage-first heap   total 369664K, used 144384K [0x0000000080000000, 0x0000000100000000)
  region size 1024K, 3 young (3072K), 3 survivors (3072K)
 Metaspace       used 134540K, committed 136576K, reserved 1179648K
  class space    used 17846K, committed 18816K, reserved 1048576K
}
Event: 48.526 GC heap before
{Heap before GC invocations=45 (full 0):
 garbage-first heap   total 369664K, used 332800K [0x0000000080000000, 0x0000000100000000)
  region size 1024K, 169 young (173056K), 3 survivors (3072K)
 Metaspace       used 148660K, committed 150784K, reserved 1179648K
  class space    used 19717K, committed 20736K, reserved 1048576K
}
Event: 48.535 GC heap after
{Heap after GC invocations=46 (full 0):
 garbage-first heap   total 369664K, used 173568K [0x0000000080000000, 0x0000000100000000)
  region size 1024K, 18 young (18432K), 18 survivors (18432K)
 Metaspace       used 148660K, committed 150784K, reserved 1179648K
  class space    used 19717K, committed 20736K, reserved 1048576K
}
Event: 53.642 GC heap before
{Heap before GC invocations=46 (full 0):
 garbage-first heap   total 369664K, used 325120K [0x0000000080000000, 0x0000000100000000)
  region size 1024K, 163 young (166912K), 18 survivors (18432K)
 Metaspace       used 159383K, committed 161664K, reserved 1245184K
  class space    used 21234K, committed 22336K, reserved 1048576K
}
Event: 53.658 GC heap after
{Heap after GC invocations=47 (full 0):
 garbage-first heap   total 369664K, used 184256K [0x0000000080000000, 0x0000000100000000)
  region size 1024K, 10 young (10240K), 10 survivors (10240K)
 Metaspace       used 159383K, committed 161664K, reserved 1245184K
  class space    used 21234K, committed 22336K, reserved 1048576K
}
Event: 53.768 GC heap before
{Heap before GC invocations=47 (full 0):
 garbage-first heap   total 369664K, used 188352K [0x0000000080000000, 0x0000000100000000)
  region size 1024K, 15 young (15360K), 10 survivors (10240K)
 Metaspace       used 159786K, committed 162048K, reserved 1245184K
  class space    used 21285K, committed 22400K, reserved 1048576K
}
Event: 53.775 GC heap after
{Heap after GC invocations=48 (full 0):
 garbage-first heap   total 369664K, used 184225K [0x0000000080000000, 0x0000000100000000)
  region size 1024K, 10 young (10240K), 10 survivors (10240K)
 Metaspace       used 159786K, committed 162048K, reserved 1245184K
  class space    used 21285K, committed 22400K, reserved 1048576K
}

