# JRE version: OpenJDK Runtime Environment (21.0.8) (build 21.0.8+-14196175-b1038.72)
# Java VM: OpenJDK 64-Bit Server VM (21.0.8+-14196175-b1038.72, mixed mode, tiered, compressed oops, compressed class ptrs, g1 gc, windows-amd64)
GC Precious Log:
 CardTable entry size: 512
 Card Set container configuration: InlinePtr #cards 4 size 8 Array Of Cards #cards 16 size 48 Howl #buckets 8 coarsen threshold 3686 Howl Bitmap #cards 512 size 80 coarsen threshold 460 Card regions per heap region 1 cards per card region 4096
 CPUs: 4 total, 4 available
 Memory: 16283M
 Large Page Support: Disabled
 NUMA Support: Disabled
 Compressed Oops: Enabled (Zero based)
 Heap Region Size: 2M
 Heap Min Capacity: 8M
 Heap Initial Capacity: 256M
 Heap Max Capacity: 4048M
 Pre-touch: Disabled
 Parallel Workers: 4
 Concurrent Workers: 1
 Concurrent Refinement Workers: 4
 Periodic GC: Disabled
Heap:
 garbage-first heap   total 94208K, used 28573K [0x0000000703000000, 0x0000000800000000)
  region size 2048K, 4 young (8192K), 2 survivors (4096K)
 Metaspace       used 35614K, committed 36288K, reserved 1114112K
  class space    used 4729K, committed 5056K, reserved 1048576K
GC Heap History (11 events):
Event: 2.848 GC heap before
{Heap before GC invocations=0 (full 0):
 garbage-first heap   total 262144K, used 12288K [0x0000000703000000, 0x0000000800000000)
  region size 2048K, 6 young (12288K), 0 survivors (0K)
 Metaspace       used 7519K, committed 7616K, reserved 1114112K
  class space    used 704K, committed 768K, reserved 1048576K
}
Event: 3.046 GC heap after
{Heap after GC invocations=1 (full 0):
 garbage-first heap   total 262144K, used 1186K [0x0000000703000000, 0x0000000800000000)
  region size 2048K, 1 young (2048K), 1 survivors (2048K)
 Metaspace       used 7519K, committed 7616K, reserved 1114112K
  class space    used 704K, committed 768K, reserved 1048576K
}
Event: 6.141 GC heap before
{Heap before GC invocations=1 (full 0):
 garbage-first heap   total 262144K, used 23714K [0x0000000703000000, 0x0000000800000000)
  region size 2048K, 11 young (22528K), 1 survivors (2048K)
 Metaspace       used 9777K, committed 9920K, reserved 1114112K
  class space    used 957K, committed 1024K, reserved 1048576K
}
Event: 6.145 GC heap after
{Heap after GC invocations=2 (full 0):
 garbage-first heap   total 262144K, used 10248K [0x0000000703000000, 0x0000000800000000)
  region size 2048K, 2 young (4096K), 2 survivors (4096K)
 Metaspace       used 9777K, committed 9920K, reserved 1114112K
  class space    used 957K, committed 1024K, reserved 1048576K
}
Event: 14.732 GC heap before
{Heap before GC invocations=2 (full 0):
 garbage-first heap   total 262144K, used 110600K [0x0000000703000000, 0x0000000800000000)
  region size 2048K, 53 young (108544K), 2 survivors (4096K)
 Metaspace       used 21259K, committed 21504K, reserved 1114112K
  class space    used 2513K, committed 2624K, reserved 1048576K
}
Event: 14.740 GC heap after
{Heap after GC invocations=3 (full 0):
 garbage-first heap   total 262144K, used 20488K [0x0000000703000000, 0x0000000800000000)
  region size 2048K, 7 young (14336K), 7 survivors (14336K)
 Metaspace       used 21259K, committed 21504K, reserved 1114112K
  class space    used 2513K, committed 2624K, reserved 1048576K
}
Event: 18.762 GC heap before
{Heap before GC invocations=4 (full 0):
 garbage-first heap   total 75776K, used 71688K [0x0000000703000000, 0x0000000800000000)
  region size 2048K, 33 young (67584K), 7 survivors (14336K)
 Metaspace       used 29402K, committed 29952K, reserved 1114112K
  class space    used 3815K, committed 4032K, reserved 1048576K
}
Event: 18.777 GC heap after
{Heap after GC invocations=5 (full 0):
 garbage-first heap   total 94208K, used 23536K [0x0000000703000000, 0x0000000800000000)
  region size 2048K, 2 young (4096K), 2 survivors (4096K)
 Metaspace       used 29402K, committed 29952K, reserved 1114112K
  class space    used 3815K, committed 4032K, reserved 1048576K
}
Event: 20.118 GC heap before
{Heap before GC invocations=5 (full 0):
 garbage-first heap   total 94208K, used 62448K [0x0000000703000000, 0x0000000800000000)
  region size 2048K, 23 young (47104K), 2 survivors (4096K)
 Metaspace       used 35295K, committed 35968K, reserved 1114112K
  class space    used 4665K, committed 4992K, reserved 1048576K
}
Event: 20.122 GC heap after
{Heap after GC invocations=6 (full 0):
 garbage-first heap   total 94208K, used 25963K [0x0000000703000000, 0x0000000800000000)
  region size 2048K, 3 young (6144K), 3 survivors (6144K)
 Metaspace       used 35295K, committed 35968K, reserved 1114112K
  class space    used 4665K, committed 4992K, reserved 1048576K
}
Event: 20.193 GC heap before
{Heap before GC invocations=6 (full 0):
 garbage-first heap   total 94208K, used 28011K [0x0000000703000000, 0x0000000800000000)
  region size 2048K, 5 young (10240K), 3 survivors (6144K)
 Metaspace       used 35614K, committed 36288K, reserved 1114112K
  class space    used 4729K, committed 5056K, reserved 1048576K
}

